{"C:\\git\\rename-me\\jasmine-runner.js":{"path":"C:\\git\\rename-me\\jasmine-runner.js","s":{"1":1,"2":1,"3":1,"4":1,"5":1,"6":1,"7":1,"8":1},"b":{},"f":{"1":14},"fnMap":{"1":{"name":"(anonymous_1)","line":3,"loc":{"start":{"line":3,"column":11},"end":{"line":3,"column":22}}}},"statementMap":{"1":{"start":{"line":1,"column":0},"end":{"line":1,"column":33}},"2":{"start":{"line":2,"column":0},"end":{"line":2,"column":52}},"3":{"start":{"line":3,"column":0},"end":{"line":3,"column":25}},"4":{"start":{"line":5,"column":0},"end":{"line":5,"column":28}},"5":{"start":{"line":6,"column":0},"end":{"line":6,"column":48}},"6":{"start":{"line":7,"column":0},"end":{"line":7,"column":49}},"7":{"start":{"line":8,"column":0},"end":{"line":8,"column":25}},"8":{"start":{"line":9,"column":0},"end":{"line":9,"column":18}}},"branchMap":{}},"C:\\git\\rename-me\\spec\\renameMeSpec.js":{"path":"C:\\git\\rename-me\\spec\\renameMeSpec.js","s":{"1":1,"2":1,"3":1,"4":1,"5":1,"6":1,"7":2,"8":2,"9":2,"10":2,"11":2,"12":2,"13":1,"14":2,"15":2,"16":2,"17":2,"18":2,"19":2,"20":1,"21":5,"22":5,"23":5,"24":5,"25":5,"26":5,"27":1,"28":5,"29":5,"30":1,"31":1,"32":1,"33":1,"34":1,"35":1,"36":1,"37":1,"38":1,"39":1,"40":1,"41":1,"42":1,"43":1,"44":1,"45":1,"46":1,"47":1,"48":1,"49":1,"50":1,"51":1,"52":1,"53":1,"54":1,"55":1,"56":1,"57":1,"58":1,"59":1,"60":1,"61":1},"b":{},"f":{"1":1,"2":2,"3":2,"4":5,"5":5,"6":1,"7":1,"8":1,"9":1,"10":1},"fnMap":{"1":{"name":"(anonymous_1)","line":7,"loc":{"start":{"line":7,"column":27},"end":{"line":7,"column":38}}},"2":{"name":"getJSSingleFileParameters","line":9,"loc":{"start":{"line":9,"column":4},"end":{"line":9,"column":41}}},"3":{"name":"getCSSingleFileParameters","line":18,"loc":{"start":{"line":18,"column":4},"end":{"line":18,"column":41}}},"4":{"name":"(anonymous_4)","line":27,"loc":{"start":{"line":27,"column":15},"end":{"line":27,"column":26}}},"5":{"name":"(anonymous_5)","line":38,"loc":{"start":{"line":38,"column":14},"end":{"line":38,"column":25}}},"6":{"name":"(anonymous_6)","line":43,"loc":{"start":{"line":43,"column":33},"end":{"line":43,"column":44}}},"7":{"name":"(anonymous_7)","line":48,"loc":{"start":{"line":48,"column":61},"end":{"line":48,"column":72}}},"8":{"name":"(anonymous_8)","line":60,"loc":{"start":{"line":60,"column":60},"end":{"line":60,"column":71}}},"9":{"name":"(anonymous_9)","line":73,"loc":{"start":{"line":73,"column":100},"end":{"line":73,"column":111}}},"10":{"name":"(anonymous_10)","line":84,"loc":{"start":{"line":84,"column":99},"end":{"line":84,"column":110}}}},"statementMap":{"1":{"start":{"line":1,"column":0},"end":{"line":1,"column":39}},"2":{"start":{"line":2,"column":0},"end":{"line":2,"column":23}},"3":{"start":{"line":3,"column":0},"end":{"line":3,"column":47}},"4":{"start":{"line":4,"column":0},"end":{"line":4,"column":25}},"5":{"start":{"line":7,"column":0},"end":{"line":95,"column":3}},"6":{"start":{"line":9,"column":4},"end":{"line":16,"column":5}},"7":{"start":{"line":10,"column":8},"end":{"line":10,"column":25}},"8":{"start":{"line":11,"column":8},"end":{"line":11,"column":34}},"9":{"start":{"line":12,"column":8},"end":{"line":12,"column":50}},"10":{"start":{"line":13,"column":8},"end":{"line":13,"column":50}},"11":{"start":{"line":14,"column":8},"end":{"line":14,"column":48}},"12":{"start":{"line":15,"column":8},"end":{"line":15,"column":23}},"13":{"start":{"line":18,"column":4},"end":{"line":25,"column":5}},"14":{"start":{"line":19,"column":8},"end":{"line":19,"column":25}},"15":{"start":{"line":20,"column":8},"end":{"line":20,"column":34}},"16":{"start":{"line":21,"column":8},"end":{"line":21,"column":50}},"17":{"start":{"line":22,"column":8},"end":{"line":22,"column":52}},"18":{"start":{"line":23,"column":8},"end":{"line":23,"column":49}},"19":{"start":{"line":24,"column":8},"end":{"line":24,"column":23}},"20":{"start":{"line":27,"column":4},"end":{"line":36,"column":7}},"21":{"start":{"line":28,"column":8},"end":{"line":28,"column":47}},"22":{"start":{"line":29,"column":8},"end":{"line":29,"column":57}},"23":{"start":{"line":31,"column":8},"end":{"line":31,"column":49}},"24":{"start":{"line":32,"column":8},"end":{"line":32,"column":60}},"25":{"start":{"line":34,"column":8},"end":{"line":34,"column":53}},"26":{"start":{"line":35,"column":8},"end":{"line":35,"column":60}},"27":{"start":{"line":38,"column":4},"end":{"line":41,"column":7}},"28":{"start":{"line":39,"column":8},"end":{"line":39,"column":61}},"29":{"start":{"line":40,"column":8},"end":{"line":40,"column":61}},"30":{"start":{"line":43,"column":4},"end":{"line":45,"column":7}},"31":{"start":{"line":44,"column":8},"end":{"line":44,"column":39}},"32":{"start":{"line":48,"column":4},"end":{"line":58,"column":7}},"33":{"start":{"line":49,"column":8},"end":{"line":49,"column":27}},"34":{"start":{"line":50,"column":8},"end":{"line":50,"column":50}},"35":{"start":{"line":52,"column":8},"end":{"line":52,"column":26}},"36":{"start":{"line":54,"column":8},"end":{"line":54,"column":64}},"37":{"start":{"line":55,"column":8},"end":{"line":55,"column":58}},"38":{"start":{"line":56,"column":8},"end":{"line":56,"column":38}},"39":{"start":{"line":57,"column":8},"end":{"line":57,"column":34}},"40":{"start":{"line":60,"column":4},"end":{"line":70,"column":7}},"41":{"start":{"line":61,"column":8},"end":{"line":61,"column":27}},"42":{"start":{"line":62,"column":8},"end":{"line":62,"column":50}},"43":{"start":{"line":64,"column":8},"end":{"line":64,"column":26}},"44":{"start":{"line":66,"column":8},"end":{"line":66,"column":62}},"45":{"start":{"line":67,"column":8},"end":{"line":67,"column":58}},"46":{"start":{"line":68,"column":8},"end":{"line":68,"column":38}},"47":{"start":{"line":69,"column":8},"end":{"line":69,"column":34}},"48":{"start":{"line":73,"column":4},"end":{"line":82,"column":7}},"49":{"start":{"line":74,"column":8},"end":{"line":74,"column":27}},"50":{"start":{"line":75,"column":8},"end":{"line":75,"column":50}},"51":{"start":{"line":77,"column":8},"end":{"line":77,"column":26}},"52":{"start":{"line":79,"column":8},"end":{"line":79,"column":65}},"53":{"start":{"line":80,"column":8},"end":{"line":80,"column":67}},"54":{"start":{"line":81,"column":8},"end":{"line":81,"column":34}},"55":{"start":{"line":84,"column":4},"end":{"line":93,"column":7}},"56":{"start":{"line":85,"column":8},"end":{"line":85,"column":27}},"57":{"start":{"line":86,"column":8},"end":{"line":86,"column":50}},"58":{"start":{"line":88,"column":8},"end":{"line":88,"column":26}},"59":{"start":{"line":90,"column":8},"end":{"line":90,"column":65}},"60":{"start":{"line":91,"column":8},"end":{"line":91,"column":66}},"61":{"start":{"line":92,"column":8},"end":{"line":92,"column":34}}},"branchMap":{}},"C:\\git\\rename-me\\rename-me.js":{"path":"C:\\git\\rename-me\\rename-me.js","s":{"1":1,"2":1,"3":1,"4":4,"5":4,"6":4,"7":4,"8":4,"9":4,"10":4,"11":4,"12":4,"13":4,"14":4,"15":4,"16":4,"17":0,"18":1,"19":4,"20":4,"21":4,"22":4,"23":4,"24":4,"25":1,"26":4,"27":4,"28":4,"29":1,"30":4,"31":4,"32":4,"33":4,"34":4,"35":1,"36":4,"37":4,"38":4,"39":4,"40":4,"41":1,"42":4,"43":4,"44":4,"45":4,"46":4,"47":1,"48":4,"49":4,"50":4,"51":4,"52":4,"53":4,"54":1,"55":4,"56":4,"57":4,"58":4,"59":4,"60":1,"61":0,"62":0,"63":0,"64":0,"65":0,"66":0,"67":0,"68":0,"69":0,"70":0,"71":0,"72":1},"b":{"1":[0,1]},"f":{"1":4,"2":4,"3":4,"4":4,"5":4,"6":4,"7":4,"8":4,"9":4,"10":4,"11":4,"12":4,"13":4,"14":4,"15":4},"fnMap":{"1":{"name":"(anonymous_1)","line":7,"loc":{"start":{"line":7,"column":15},"end":{"line":7,"column":33}}},"2":{"name":"setup","line":28,"loc":{"start":{"line":28,"column":4},"end":{"line":28,"column":21}}},"3":{"name":"(anonymous_3)","line":39,"loc":{"start":{"line":39,"column":34},"end":{"line":39,"column":58}}},"4":{"name":"rename","line":44,"loc":{"start":{"line":44,"column":4},"end":{"line":44,"column":49}}},"5":{"name":"(anonymous_5)","line":46,"loc":{"start":{"line":46,"column":26},"end":{"line":46,"column":48}}},"6":{"name":"removePathFromFileName","line":52,"loc":{"start":{"line":52,"column":4},"end":{"line":52,"column":43}}},"7":{"name":"(anonymous_7)","line":54,"loc":{"start":{"line":54,"column":22},"end":{"line":54,"column":37}}},"8":{"name":"getFileExtension","line":62,"loc":{"start":{"line":62,"column":4},"end":{"line":62,"column":37}}},"9":{"name":"(anonymous_9)","line":64,"loc":{"start":{"line":64,"column":22},"end":{"line":64,"column":37}}},"10":{"name":"getFileNameWithoutExtension","line":73,"loc":{"start":{"line":73,"column":4},"end":{"line":73,"column":48}}},"11":{"name":"(anonymous_11)","line":75,"loc":{"start":{"line":75,"column":22},"end":{"line":75,"column":37}}},"12":{"name":"replaceReferences","line":84,"loc":{"start":{"line":84,"column":4},"end":{"line":84,"column":63}}},"13":{"name":"(anonymous_13)","line":88,"loc":{"start":{"line":88,"column":26},"end":{"line":88,"column":48}}},"14":{"name":"concatNamedVersion","line":95,"loc":{"start":{"line":95,"column":4},"end":{"line":95,"column":41}}},"15":{"name":"(anonymous_15)","line":97,"loc":{"start":{"line":97,"column":29},"end":{"line":97,"column":51}}}},"statementMap":{"1":{"start":{"line":1,"column":0},"end":{"line":1,"column":13}},"2":{"start":{"line":5,"column":0},"end":{"line":5,"column":23}},"3":{"start":{"line":7,"column":0},"end":{"line":105,"column":1}},"4":{"start":{"line":9,"column":4},"end":{"line":9,"column":38}},"5":{"start":{"line":10,"column":4},"end":{"line":10,"column":35}},"6":{"start":{"line":11,"column":4},"end":{"line":11,"column":45}},"7":{"start":{"line":12,"column":4},"end":{"line":12,"column":39}},"8":{"start":{"line":14,"column":4},"end":{"line":14,"column":24}},"9":{"start":{"line":15,"column":4},"end":{"line":15,"column":29}},"10":{"start":{"line":16,"column":4},"end":{"line":16,"column":34}},"11":{"start":{"line":17,"column":4},"end":{"line":17,"column":27}},"12":{"start":{"line":18,"column":4},"end":{"line":18,"column":31}},"13":{"start":{"line":20,"column":4},"end":{"line":26,"column":5}},"14":{"start":{"line":21,"column":8},"end":{"line":21,"column":16}},"15":{"start":{"line":22,"column":8},"end":{"line":22,"column":54}},"16":{"start":{"line":23,"column":8},"end":{"line":23,"column":76}},"17":{"start":{"line":25,"column":8},"end":{"line":25,"column":39}},"18":{"start":{"line":28,"column":4},"end":{"line":42,"column":5}},"19":{"start":{"line":29,"column":8},"end":{"line":29,"column":64}},"20":{"start":{"line":30,"column":8},"end":{"line":30,"column":63}},"21":{"start":{"line":31,"column":8},"end":{"line":31,"column":79}},"22":{"start":{"line":33,"column":8},"end":{"line":37,"column":11}},"23":{"start":{"line":39,"column":8},"end":{"line":41,"column":22}},"24":{"start":{"line":40,"column":12},"end":{"line":40,"column":74}},"25":{"start":{"line":44,"column":4},"end":{"line":50,"column":5}},"26":{"start":{"line":46,"column":8},"end":{"line":49,"column":22}},"27":{"start":{"line":47,"column":12},"end":{"line":47,"column":48}},"28":{"start":{"line":48,"column":12},"end":{"line":48,"column":63}},"29":{"start":{"line":52,"column":4},"end":{"line":60,"column":5}},"30":{"start":{"line":53,"column":8},"end":{"line":53,"column":24}},"31":{"start":{"line":54,"column":8},"end":{"line":58,"column":11}},"32":{"start":{"line":55,"column":12},"end":{"line":55,"column":60}},"33":{"start":{"line":57,"column":12},"end":{"line":57,"column":34}},"34":{"start":{"line":59,"column":8},"end":{"line":59,"column":22}},"35":{"start":{"line":62,"column":4},"end":{"line":71,"column":5}},"36":{"start":{"line":63,"column":8},"end":{"line":63,"column":24}},"37":{"start":{"line":64,"column":8},"end":{"line":69,"column":11}},"38":{"start":{"line":65,"column":12},"end":{"line":65,"column":64}},"39":{"start":{"line":68,"column":12},"end":{"line":68,"column":34}},"40":{"start":{"line":70,"column":8},"end":{"line":70,"column":22}},"41":{"start":{"line":73,"column":4},"end":{"line":82,"column":5}},"42":{"start":{"line":74,"column":8},"end":{"line":74,"column":24}},"43":{"start":{"line":75,"column":8},"end":{"line":80,"column":11}},"44":{"start":{"line":76,"column":12},"end":{"line":76,"column":58}},"45":{"start":{"line":79,"column":12},"end":{"line":79,"column":34}},"46":{"start":{"line":81,"column":8},"end":{"line":81,"column":22}},"47":{"start":{"line":84,"column":4},"end":{"line":93,"column":5}},"48":{"start":{"line":85,"column":8},"end":{"line":85,"column":58}},"49":{"start":{"line":86,"column":8},"end":{"line":86,"column":47}},"50":{"start":{"line":88,"column":8},"end":{"line":91,"column":11}},"51":{"start":{"line":89,"column":12},"end":{"line":89,"column":42}},"52":{"start":{"line":90,"column":12},"end":{"line":90,"column":64}},"53":{"start":{"line":92,"column":8},"end":{"line":92,"column":54}},"54":{"start":{"line":95,"column":4},"end":{"line":104,"column":5}},"55":{"start":{"line":96,"column":8},"end":{"line":96,"column":24}},"56":{"start":{"line":97,"column":8},"end":{"line":102,"column":11}},"57":{"start":{"line":98,"column":12},"end":{"line":98,"column":58}},"58":{"start":{"line":101,"column":12},"end":{"line":101,"column":90}},"59":{"start":{"line":103,"column":8},"end":{"line":103,"column":22}},"60":{"start":{"line":108,"column":0},"end":{"line":123,"column":1}},"61":{"start":{"line":110,"column":4},"end":{"line":110,"column":27}},"62":{"start":{"line":111,"column":4},"end":{"line":111,"column":35}},"63":{"start":{"line":112,"column":4},"end":{"line":112,"column":34}},"64":{"start":{"line":113,"column":4},"end":{"line":113,"column":39}},"65":{"start":{"line":114,"column":4},"end":{"line":114,"column":36}},"66":{"start":{"line":117,"column":4},"end":{"line":117,"column":21}},"67":{"start":{"line":118,"column":4},"end":{"line":118,"column":43}},"68":{"start":{"line":119,"column":4},"end":{"line":119,"column":30}},"69":{"start":{"line":120,"column":4},"end":{"line":120,"column":51}},"70":{"start":{"line":121,"column":4},"end":{"line":121,"column":34}},"71":{"start":{"line":122,"column":4},"end":{"line":122,"column":22}},"72":{"start":{"line":125,"column":0},"end":{"line":125,"column":26}}},"branchMap":{"1":{"line":108,"type":"if","locations":[{"start":{"line":108,"column":0},"end":{"line":108,"column":0}},{"start":{"line":108,"column":0},"end":{"line":108,"column":0}}]}}}}