{"C:\\git\\rename-me\\jasmine-runner.js":{"path":"C:\\git\\rename-me\\jasmine-runner.js","s":{"1":1,"2":1,"3":1,"4":1,"5":1,"6":1,"7":1,"8":1},"b":{},"f":{"1":17},"fnMap":{"1":{"name":"(anonymous_1)","line":3,"loc":{"start":{"line":3,"column":11},"end":{"line":3,"column":22}}}},"statementMap":{"1":{"start":{"line":1,"column":0},"end":{"line":1,"column":33}},"2":{"start":{"line":2,"column":0},"end":{"line":2,"column":52}},"3":{"start":{"line":3,"column":0},"end":{"line":3,"column":25}},"4":{"start":{"line":5,"column":0},"end":{"line":5,"column":28}},"5":{"start":{"line":6,"column":0},"end":{"line":6,"column":48}},"6":{"start":{"line":7,"column":0},"end":{"line":7,"column":49}},"7":{"start":{"line":8,"column":0},"end":{"line":8,"column":25}},"8":{"start":{"line":9,"column":0},"end":{"line":9,"column":18}}},"branchMap":{}},"C:\\git\\rename-me\\spec\\renameMeSpec.js":{"path":"C:\\git\\rename-me\\spec\\renameMeSpec.js","s":{"1":1,"2":1,"3":1,"4":1,"5":1,"6":1,"7":2,"8":2,"9":2,"10":2,"11":2,"12":2,"13":1,"14":2,"15":2,"16":2,"17":2,"18":2,"19":2,"20":1,"21":2,"22":2,"23":2,"24":2,"25":2,"26":2,"27":1,"28":8,"29":8,"30":8,"31":8,"32":1,"33":8,"34":8,"35":1,"36":1,"37":1,"38":1,"39":1,"40":1,"41":1,"42":1,"43":1,"44":1,"45":1,"46":1,"47":1,"48":1,"49":1,"50":1,"51":1,"52":1,"53":1,"54":1,"55":1,"56":1,"57":1,"58":1,"59":1,"60":1,"61":1,"62":1,"63":1,"64":1,"65":1,"66":1,"67":1,"68":1,"69":1,"70":1,"71":1,"72":1,"73":1,"74":1,"75":1,"76":1,"77":1,"78":1,"79":1,"80":1,"81":1,"82":1,"83":1,"84":1,"85":1,"86":1,"87":1,"88":1,"89":1,"90":1,"91":1,"92":1,"93":1,"94":1,"95":1},"b":{},"f":{"1":1,"2":2,"3":2,"4":2,"5":8,"6":8,"7":1,"8":1,"9":1,"10":1,"11":1,"12":1,"13":1,"14":1,"15":1},"fnMap":{"1":{"name":"(anonymous_1)","line":7,"loc":{"start":{"line":7,"column":27},"end":{"line":7,"column":38}}},"2":{"name":"getJSSingleFileParameters","line":9,"loc":{"start":{"line":9,"column":4},"end":{"line":9,"column":41}}},"3":{"name":"getCSSingleFileParameters","line":18,"loc":{"start":{"line":18,"column":4},"end":{"line":18,"column":41}}},"4":{"name":"getMultipleFileParameters","line":27,"loc":{"start":{"line":27,"column":4},"end":{"line":27,"column":41}}},"5":{"name":"(anonymous_5)","line":36,"loc":{"start":{"line":36,"column":15},"end":{"line":36,"column":26}}},"6":{"name":"(anonymous_6)","line":44,"loc":{"start":{"line":44,"column":14},"end":{"line":44,"column":25}}},"7":{"name":"(anonymous_7)","line":49,"loc":{"start":{"line":49,"column":33},"end":{"line":49,"column":44}}},"8":{"name":"(anonymous_8)","line":54,"loc":{"start":{"line":54,"column":61},"end":{"line":54,"column":72}}},"9":{"name":"(anonymous_9)","line":66,"loc":{"start":{"line":66,"column":60},"end":{"line":66,"column":71}}},"10":{"name":"(anonymous_10)","line":79,"loc":{"start":{"line":79,"column":100},"end":{"line":79,"column":111}}},"11":{"name":"(anonymous_11)","line":90,"loc":{"start":{"line":90,"column":99},"end":{"line":90,"column":110}}},"12":{"name":"(anonymous_12)","line":101,"loc":{"start":{"line":101,"column":74},"end":{"line":101,"column":85}}},"13":{"name":"(anonymous_13)","line":120,"loc":{"start":{"line":120,"column":33},"end":{"line":120,"column":44}}},"14":{"name":"(anonymous_14)","line":121,"loc":{"start":{"line":121,"column":15},"end":{"line":121,"column":26}}},"15":{"name":"(anonymous_15)","line":131,"loc":{"start":{"line":131,"column":111},"end":{"line":131,"column":122}}}},"statementMap":{"1":{"start":{"line":1,"column":0},"end":{"line":1,"column":39}},"2":{"start":{"line":2,"column":0},"end":{"line":2,"column":23}},"3":{"start":{"line":3,"column":0},"end":{"line":3,"column":47}},"4":{"start":{"line":4,"column":0},"end":{"line":4,"column":25}},"5":{"start":{"line":7,"column":0},"end":{"line":147,"column":3}},"6":{"start":{"line":9,"column":4},"end":{"line":16,"column":5}},"7":{"start":{"line":10,"column":8},"end":{"line":10,"column":25}},"8":{"start":{"line":11,"column":8},"end":{"line":11,"column":34}},"9":{"start":{"line":12,"column":8},"end":{"line":12,"column":50}},"10":{"start":{"line":13,"column":8},"end":{"line":13,"column":50}},"11":{"start":{"line":14,"column":8},"end":{"line":14,"column":48}},"12":{"start":{"line":15,"column":8},"end":{"line":15,"column":23}},"13":{"start":{"line":18,"column":4},"end":{"line":25,"column":5}},"14":{"start":{"line":19,"column":8},"end":{"line":19,"column":25}},"15":{"start":{"line":20,"column":8},"end":{"line":20,"column":34}},"16":{"start":{"line":21,"column":8},"end":{"line":21,"column":50}},"17":{"start":{"line":22,"column":8},"end":{"line":22,"column":52}},"18":{"start":{"line":23,"column":8},"end":{"line":23,"column":49}},"19":{"start":{"line":24,"column":8},"end":{"line":24,"column":23}},"20":{"start":{"line":27,"column":4},"end":{"line":34,"column":5}},"21":{"start":{"line":28,"column":8},"end":{"line":28,"column":25}},"22":{"start":{"line":29,"column":8},"end":{"line":29,"column":34}},"23":{"start":{"line":30,"column":8},"end":{"line":30,"column":50}},"24":{"start":{"line":31,"column":8},"end":{"line":31,"column":74}},"25":{"start":{"line":32,"column":8},"end":{"line":32,"column":65}},"26":{"start":{"line":33,"column":8},"end":{"line":33,"column":23}},"27":{"start":{"line":36,"column":4},"end":{"line":42,"column":7}},"28":{"start":{"line":37,"column":8},"end":{"line":37,"column":47}},"29":{"start":{"line":38,"column":8},"end":{"line":38,"column":57}},"30":{"start":{"line":40,"column":8},"end":{"line":40,"column":49}},"31":{"start":{"line":41,"column":8},"end":{"line":41,"column":60}},"32":{"start":{"line":44,"column":4},"end":{"line":47,"column":7}},"33":{"start":{"line":45,"column":8},"end":{"line":45,"column":60}},"34":{"start":{"line":46,"column":8},"end":{"line":46,"column":62}},"35":{"start":{"line":49,"column":4},"end":{"line":51,"column":7}},"36":{"start":{"line":50,"column":8},"end":{"line":50,"column":39}},"37":{"start":{"line":54,"column":4},"end":{"line":64,"column":7}},"38":{"start":{"line":55,"column":8},"end":{"line":55,"column":27}},"39":{"start":{"line":56,"column":8},"end":{"line":56,"column":50}},"40":{"start":{"line":58,"column":8},"end":{"line":58,"column":26}},"41":{"start":{"line":60,"column":8},"end":{"line":60,"column":64}},"42":{"start":{"line":61,"column":8},"end":{"line":61,"column":58}},"43":{"start":{"line":62,"column":8},"end":{"line":62,"column":38}},"44":{"start":{"line":63,"column":8},"end":{"line":63,"column":34}},"45":{"start":{"line":66,"column":4},"end":{"line":76,"column":7}},"46":{"start":{"line":67,"column":8},"end":{"line":67,"column":27}},"47":{"start":{"line":68,"column":8},"end":{"line":68,"column":50}},"48":{"start":{"line":70,"column":8},"end":{"line":70,"column":26}},"49":{"start":{"line":72,"column":8},"end":{"line":72,"column":62}},"50":{"start":{"line":73,"column":8},"end":{"line":73,"column":58}},"51":{"start":{"line":74,"column":8},"end":{"line":74,"column":38}},"52":{"start":{"line":75,"column":8},"end":{"line":75,"column":34}},"53":{"start":{"line":79,"column":4},"end":{"line":88,"column":7}},"54":{"start":{"line":80,"column":8},"end":{"line":80,"column":27}},"55":{"start":{"line":81,"column":8},"end":{"line":81,"column":50}},"56":{"start":{"line":83,"column":8},"end":{"line":83,"column":26}},"57":{"start":{"line":85,"column":8},"end":{"line":85,"column":65}},"58":{"start":{"line":86,"column":8},"end":{"line":86,"column":67}},"59":{"start":{"line":87,"column":8},"end":{"line":87,"column":34}},"60":{"start":{"line":90,"column":4},"end":{"line":99,"column":7}},"61":{"start":{"line":91,"column":8},"end":{"line":91,"column":27}},"62":{"start":{"line":92,"column":8},"end":{"line":92,"column":50}},"63":{"start":{"line":94,"column":8},"end":{"line":94,"column":26}},"64":{"start":{"line":96,"column":8},"end":{"line":96,"column":65}},"65":{"start":{"line":97,"column":8},"end":{"line":97,"column":66}},"66":{"start":{"line":98,"column":8},"end":{"line":98,"column":34}},"67":{"start":{"line":101,"column":4},"end":{"line":118,"column":7}},"68":{"start":{"line":102,"column":8},"end":{"line":102,"column":30}},"69":{"start":{"line":103,"column":8},"end":{"line":103,"column":29}},"70":{"start":{"line":104,"column":8},"end":{"line":104,"column":50}},"71":{"start":{"line":106,"column":8},"end":{"line":106,"column":26}},"72":{"start":{"line":108,"column":8},"end":{"line":108,"column":67}},"73":{"start":{"line":109,"column":8},"end":{"line":109,"column":57}},"74":{"start":{"line":110,"column":8},"end":{"line":110,"column":41}},"75":{"start":{"line":112,"column":8},"end":{"line":112,"column":64}},"76":{"start":{"line":113,"column":8},"end":{"line":113,"column":56}},"77":{"start":{"line":114,"column":8},"end":{"line":114,"column":40}},"78":{"start":{"line":116,"column":8},"end":{"line":116,"column":37}},"79":{"start":{"line":117,"column":8},"end":{"line":117,"column":36}},"80":{"start":{"line":120,"column":4},"end":{"line":128,"column":7}},"81":{"start":{"line":121,"column":8},"end":{"line":127,"column":21}},"82":{"start":{"line":122,"column":12},"end":{"line":122,"column":31}},"83":{"start":{"line":123,"column":12},"end":{"line":123,"column":29}},"84":{"start":{"line":125,"column":12},"end":{"line":125,"column":30}},"85":{"start":{"line":131,"column":4},"end":{"line":146,"column":7}},"86":{"start":{"line":132,"column":8},"end":{"line":132,"column":29}},"87":{"start":{"line":133,"column":8},"end":{"line":133,"column":30}},"88":{"start":{"line":134,"column":8},"end":{"line":134,"column":50}},"89":{"start":{"line":136,"column":8},"end":{"line":136,"column":26}},"90":{"start":{"line":138,"column":8},"end":{"line":138,"column":65}},"91":{"start":{"line":139,"column":8},"end":{"line":139,"column":68}},"92":{"start":{"line":141,"column":8},"end":{"line":141,"column":61}},"93":{"start":{"line":142,"column":8},"end":{"line":142,"column":70}},"94":{"start":{"line":144,"column":8},"end":{"line":144,"column":37}},"95":{"start":{"line":145,"column":8},"end":{"line":145,"column":36}}},"branchMap":{}},"C:\\git\\rename-me\\rename-me.js":{"path":"C:\\git\\rename-me\\rename-me.js","s":{"1":1,"2":1,"3":1,"4":7,"5":7,"6":7,"7":7,"8":7,"9":7,"10":7,"11":7,"12":7,"13":7,"14":7,"15":6,"16":6,"17":6,"18":1,"19":1,"20":7,"21":6,"22":6,"23":6,"24":6,"25":8,"26":6,"27":1,"28":6,"29":8,"30":8,"31":6,"32":1,"33":7,"34":7,"35":8,"36":8,"37":6,"38":1,"39":6,"40":6,"41":8,"42":8,"43":6,"44":1,"45":6,"46":6,"47":8,"48":8,"49":6,"50":1,"51":6,"52":6,"53":8,"54":8,"55":8,"56":8,"57":6,"58":6,"59":1,"60":6,"61":6,"62":8,"63":8,"64":6,"65":1},"b":{},"f":{"1":7,"2":7,"3":8,"4":6,"5":8,"6":7,"7":8,"8":6,"9":8,"10":6,"11":8,"12":6,"13":8,"14":6,"15":8},"fnMap":{"1":{"name":"(anonymous_1)","line":7,"loc":{"start":{"line":7,"column":15},"end":{"line":7,"column":33}}},"2":{"name":"setup","line":29,"loc":{"start":{"line":29,"column":4},"end":{"line":29,"column":21}}},"3":{"name":"(anonymous_3)","line":40,"loc":{"start":{"line":40,"column":34},"end":{"line":40,"column":58}}},"4":{"name":"rename","line":46,"loc":{"start":{"line":46,"column":4},"end":{"line":46,"column":49}}},"5":{"name":"(anonymous_5)","line":48,"loc":{"start":{"line":48,"column":26},"end":{"line":48,"column":48}}},"6":{"name":"removePathFromFileName","line":55,"loc":{"start":{"line":55,"column":4},"end":{"line":55,"column":43}}},"7":{"name":"(anonymous_7)","line":57,"loc":{"start":{"line":57,"column":22},"end":{"line":57,"column":37}}},"8":{"name":"getFileExtension","line":65,"loc":{"start":{"line":65,"column":4},"end":{"line":65,"column":37}}},"9":{"name":"(anonymous_9)","line":67,"loc":{"start":{"line":67,"column":22},"end":{"line":67,"column":37}}},"10":{"name":"getFileNameWithoutExtension","line":76,"loc":{"start":{"line":76,"column":4},"end":{"line":76,"column":48}}},"11":{"name":"(anonymous_11)","line":78,"loc":{"start":{"line":78,"column":22},"end":{"line":78,"column":37}}},"12":{"name":"replaceReferences","line":87,"loc":{"start":{"line":87,"column":4},"end":{"line":87,"column":63}}},"13":{"name":"(anonymous_13)","line":91,"loc":{"start":{"line":91,"column":26},"end":{"line":91,"column":48}}},"14":{"name":"concatNamedVersion","line":101,"loc":{"start":{"line":101,"column":4},"end":{"line":101,"column":41}}},"15":{"name":"(anonymous_15)","line":103,"loc":{"start":{"line":103,"column":29},"end":{"line":103,"column":51}}}},"statementMap":{"1":{"start":{"line":1,"column":0},"end":{"line":1,"column":13}},"2":{"start":{"line":5,"column":0},"end":{"line":5,"column":23}},"3":{"start":{"line":7,"column":0},"end":{"line":111,"column":1}},"4":{"start":{"line":9,"column":4},"end":{"line":9,"column":38}},"5":{"start":{"line":10,"column":4},"end":{"line":10,"column":35}},"6":{"start":{"line":11,"column":4},"end":{"line":11,"column":45}},"7":{"start":{"line":12,"column":4},"end":{"line":12,"column":39}},"8":{"start":{"line":14,"column":4},"end":{"line":14,"column":24}},"9":{"start":{"line":15,"column":4},"end":{"line":15,"column":29}},"10":{"start":{"line":16,"column":4},"end":{"line":16,"column":34}},"11":{"start":{"line":17,"column":4},"end":{"line":17,"column":27}},"12":{"start":{"line":18,"column":4},"end":{"line":18,"column":31}},"13":{"start":{"line":20,"column":4},"end":{"line":27,"column":5}},"14":{"start":{"line":21,"column":8},"end":{"line":21,"column":16}},"15":{"start":{"line":22,"column":8},"end":{"line":22,"column":54}},"16":{"start":{"line":23,"column":8},"end":{"line":23,"column":77}},"17":{"start":{"line":24,"column":8},"end":{"line":24,"column":35}},"18":{"start":{"line":26,"column":8},"end":{"line":26,"column":48}},"19":{"start":{"line":29,"column":4},"end":{"line":44,"column":5}},"20":{"start":{"line":30,"column":8},"end":{"line":30,"column":64}},"21":{"start":{"line":31,"column":8},"end":{"line":31,"column":63}},"22":{"start":{"line":32,"column":8},"end":{"line":32,"column":79}},"23":{"start":{"line":34,"column":8},"end":{"line":38,"column":11}},"24":{"start":{"line":40,"column":8},"end":{"line":42,"column":22}},"25":{"start":{"line":41,"column":12},"end":{"line":41,"column":74}},"26":{"start":{"line":43,"column":8},"end":{"line":43,"column":41}},"27":{"start":{"line":46,"column":4},"end":{"line":53,"column":5}},"28":{"start":{"line":48,"column":8},"end":{"line":51,"column":22}},"29":{"start":{"line":49,"column":12},"end":{"line":49,"column":48}},"30":{"start":{"line":50,"column":12},"end":{"line":50,"column":63}},"31":{"start":{"line":52,"column":8},"end":{"line":52,"column":48}},"32":{"start":{"line":55,"column":4},"end":{"line":63,"column":5}},"33":{"start":{"line":56,"column":8},"end":{"line":56,"column":24}},"34":{"start":{"line":57,"column":8},"end":{"line":61,"column":11}},"35":{"start":{"line":58,"column":12},"end":{"line":58,"column":60}},"36":{"start":{"line":60,"column":12},"end":{"line":60,"column":34}},"37":{"start":{"line":62,"column":8},"end":{"line":62,"column":22}},"38":{"start":{"line":65,"column":4},"end":{"line":74,"column":5}},"39":{"start":{"line":66,"column":8},"end":{"line":66,"column":24}},"40":{"start":{"line":67,"column":8},"end":{"line":72,"column":11}},"41":{"start":{"line":68,"column":12},"end":{"line":68,"column":64}},"42":{"start":{"line":71,"column":12},"end":{"line":71,"column":34}},"43":{"start":{"line":73,"column":8},"end":{"line":73,"column":22}},"44":{"start":{"line":76,"column":4},"end":{"line":85,"column":5}},"45":{"start":{"line":77,"column":8},"end":{"line":77,"column":24}},"46":{"start":{"line":78,"column":8},"end":{"line":83,"column":11}},"47":{"start":{"line":79,"column":12},"end":{"line":79,"column":58}},"48":{"start":{"line":82,"column":12},"end":{"line":82,"column":34}},"49":{"start":{"line":84,"column":8},"end":{"line":84,"column":22}},"50":{"start":{"line":87,"column":4},"end":{"line":99,"column":5}},"51":{"start":{"line":88,"column":8},"end":{"line":88,"column":58}},"52":{"start":{"line":91,"column":8},"end":{"line":96,"column":11}},"53":{"start":{"line":92,"column":12},"end":{"line":92,"column":42}},"54":{"start":{"line":93,"column":12},"end":{"line":93,"column":66}},"55":{"start":{"line":94,"column":12},"end":{"line":94,"column":49}},"56":{"start":{"line":95,"column":12},"end":{"line":95,"column":64}},"57":{"start":{"line":97,"column":8},"end":{"line":97,"column":54}},"58":{"start":{"line":98,"column":8},"end":{"line":98,"column":59}},"59":{"start":{"line":101,"column":4},"end":{"line":110,"column":5}},"60":{"start":{"line":102,"column":8},"end":{"line":102,"column":24}},"61":{"start":{"line":103,"column":8},"end":{"line":108,"column":11}},"62":{"start":{"line":104,"column":12},"end":{"line":104,"column":58}},"63":{"start":{"line":107,"column":12},"end":{"line":107,"column":90}},"64":{"start":{"line":109,"column":8},"end":{"line":109,"column":22}},"65":{"start":{"line":113,"column":0},"end":{"line":113,"column":26}}},"branchMap":{}}}