TN:
SF:C:\git\rename-me\jasmine-runner.js
FN:3,(anonymous_1)
FNF:1
FNH:1
FNDA:17,(anonymous_1)
DA:1,1
DA:2,1
DA:3,1
DA:5,1
DA:6,1
DA:7,1
DA:8,1
DA:9,1
LF:8
LH:8
BRF:0
BRH:0
end_of_record
TN:
SF:C:\git\rename-me\spec\renameMeSpec.js
FN:7,(anonymous_1)
FN:9,getJSSingleFileParameters
FN:18,getCSSingleFileParameters
FN:27,getMultipleFileParameters
FN:36,(anonymous_5)
FN:44,(anonymous_6)
FN:49,(anonymous_7)
FN:54,(anonymous_8)
FN:66,(anonymous_9)
FN:79,(anonymous_10)
FN:90,(anonymous_11)
FN:101,(anonymous_12)
FN:120,(anonymous_13)
FN:121,(anonymous_14)
FN:131,(anonymous_15)
FNF:15
FNH:15
FNDA:1,(anonymous_1)
FNDA:2,getJSSingleFileParameters
FNDA:2,getCSSingleFileParameters
FNDA:2,getMultipleFileParameters
FNDA:8,(anonymous_5)
FNDA:8,(anonymous_6)
FNDA:1,(anonymous_7)
FNDA:1,(anonymous_8)
FNDA:1,(anonymous_9)
FNDA:1,(anonymous_10)
FNDA:1,(anonymous_11)
FNDA:1,(anonymous_12)
FNDA:1,(anonymous_13)
FNDA:1,(anonymous_14)
FNDA:1,(anonymous_15)
DA:1,1
DA:2,1
DA:3,1
DA:4,1
DA:7,1
DA:9,1
DA:10,2
DA:11,2
DA:12,2
DA:13,2
DA:14,2
DA:15,2
DA:18,1
DA:19,2
DA:20,2
DA:21,2
DA:22,2
DA:23,2
DA:24,2
DA:27,1
DA:28,2
DA:29,2
DA:30,2
DA:31,2
DA:32,2
DA:33,2
DA:36,1
DA:37,8
DA:38,8
DA:40,8
DA:41,8
DA:44,1
DA:45,8
DA:46,8
DA:49,1
DA:50,1
DA:54,1
DA:55,1
DA:56,1
DA:58,1
DA:60,1
DA:61,1
DA:62,1
DA:63,1
DA:66,1
DA:67,1
DA:68,1
DA:70,1
DA:72,1
DA:73,1
DA:74,1
DA:75,1
DA:79,1
DA:80,1
DA:81,1
DA:83,1
DA:85,1
DA:86,1
DA:87,1
DA:90,1
DA:91,1
DA:92,1
DA:94,1
DA:96,1
DA:97,1
DA:98,1
DA:101,1
DA:102,1
DA:103,1
DA:104,1
DA:106,1
DA:108,1
DA:109,1
DA:110,1
DA:112,1
DA:113,1
DA:114,1
DA:116,1
DA:117,1
DA:120,1
DA:121,1
DA:122,1
DA:123,1
DA:125,1
DA:131,1
DA:132,1
DA:133,1
DA:134,1
DA:136,1
DA:138,1
DA:139,1
DA:141,1
DA:142,1
DA:144,1
DA:145,1
LF:95
LH:95
BRF:0
BRH:0
end_of_record
TN:
SF:C:\git\rename-me\rename-me.js
FN:7,(anonymous_1)
FN:29,setup
FN:40,(anonymous_3)
FN:46,rename
FN:48,(anonymous_5)
FN:55,removePathFromFileName
FN:57,(anonymous_7)
FN:65,getFileExtension
FN:67,(anonymous_9)
FN:76,getFileNameWithoutExtension
FN:78,(anonymous_11)
FN:87,replaceReferences
FN:91,(anonymous_13)
FN:101,concatNamedVersion
FN:103,(anonymous_15)
FNF:15
FNH:15
FNDA:7,(anonymous_1)
FNDA:7,setup
FNDA:8,(anonymous_3)
FNDA:6,rename
FNDA:8,(anonymous_5)
FNDA:7,removePathFromFileName
FNDA:8,(anonymous_7)
FNDA:6,getFileExtension
FNDA:8,(anonymous_9)
FNDA:6,getFileNameWithoutExtension
FNDA:8,(anonymous_11)
FNDA:6,replaceReferences
FNDA:8,(anonymous_13)
FNDA:6,concatNamedVersion
FNDA:8,(anonymous_15)
DA:1,1
DA:5,1
DA:7,1
DA:9,7
DA:10,7
DA:11,7
DA:12,7
DA:14,7
DA:15,7
DA:16,7
DA:17,7
DA:18,7
DA:20,7
DA:21,7
DA:22,6
DA:23,6
DA:24,6
DA:26,1
DA:29,1
DA:30,7
DA:31,6
DA:32,6
DA:34,6
DA:40,6
DA:41,8
DA:43,6
DA:46,1
DA:48,6
DA:49,8
DA:50,8
DA:52,6
DA:55,1
DA:56,7
DA:57,7
DA:58,8
DA:60,8
DA:62,6
DA:65,1
DA:66,6
DA:67,6
DA:68,8
DA:71,8
DA:73,6
DA:76,1
DA:77,6
DA:78,6
DA:79,8
DA:82,8
DA:84,6
DA:87,1
DA:88,6
DA:91,6
DA:92,8
DA:93,8
DA:94,8
DA:95,8
DA:97,6
DA:98,6
DA:101,1
DA:102,6
DA:103,6
DA:104,8
DA:107,8
DA:109,6
DA:113,1
LF:65
LH:65
BRF:0
BRH:0
end_of_record
