TN:
SF:C:\git\rename-me\rename-me.js
FN:7,(anonymous_1)
FN:28,setup
FN:39,(anonymous_3)
FN:44,rename
FN:46,(anonymous_5)
FN:52,removePathFromFileName
FN:54,(anonymous_7)
FN:62,getFileExtension
FN:64,(anonymous_9)
FN:73,getFileNameWithoutExtension
FN:75,(anonymous_11)
FN:84,replaceReferences
FN:88,(anonymous_13)
FN:95,concatNamedVersion
FN:97,(anonymous_15)
FNF:15
FNH:0
FNDA:0,(anonymous_1)
FNDA:0,setup
FNDA:0,(anonymous_3)
FNDA:0,rename
FNDA:0,(anonymous_5)
FNDA:0,removePathFromFileName
FNDA:0,(anonymous_7)
FNDA:0,getFileExtension
FNDA:0,(anonymous_9)
FNDA:0,getFileNameWithoutExtension
FNDA:0,(anonymous_11)
FNDA:0,replaceReferences
FNDA:0,(anonymous_13)
FNDA:0,concatNamedVersion
FNDA:0,(anonymous_15)
DA:1,1
DA:5,1
DA:7,1
DA:9,0
DA:10,0
DA:11,0
DA:12,0
DA:14,0
DA:15,0
DA:16,0
DA:17,0
DA:18,0
DA:20,0
DA:21,0
DA:22,0
DA:23,0
DA:25,0
DA:28,1
DA:29,0
DA:30,0
DA:31,0
DA:33,0
DA:39,0
DA:40,0
DA:44,1
DA:46,0
DA:47,0
DA:48,0
DA:52,1
DA:53,0
DA:54,0
DA:55,0
DA:57,0
DA:59,0
DA:62,1
DA:63,0
DA:64,0
DA:65,0
DA:68,0
DA:70,0
DA:73,1
DA:74,0
DA:75,0
DA:76,0
DA:79,0
DA:81,0
DA:84,1
DA:85,0
DA:86,0
DA:88,0
DA:89,0
DA:90,0
DA:92,0
DA:95,1
DA:96,0
DA:97,0
DA:98,0
DA:101,0
DA:103,0
DA:108,1
DA:110,0
DA:111,0
DA:112,0
DA:113,0
DA:114,0
DA:117,0
DA:118,0
DA:119,0
DA:120,0
DA:121,0
DA:122,0
DA:125,1
LF:72
LH:12
BRDA:108,1,0,0
BRDA:108,1,1,1
BRF:2
BRH:1
end_of_record
